#
# There is insufficient memory for the Java Runtime Environment to continue.
# Native memory allocation (mmap) failed to map 62914560 bytes for committing reserved memory.
# Possible reasons:
#   The system is out of physical RAM or swap space
#   The process is running with CompressedOops enabled, and the Java Heap may be blocking the growth of the native heap
# Possible solutions:
#   Reduce memory load on the system
#   Increase physical memory or swap space
#   Check if swap backing store is full
#   Decrease Java heap size (-Xmx/-Xms)
#   Decrease number of Java threads
#   Decrease Java thread stack sizes (-Xss)
#   Set larger code cache with -XX:ReservedCodeCacheSize=
# This output file may be truncated or incomplete.
#
#  Out of Memory Error (os_linux.cpp:2753), pid=30777, tid=0x00007fd511cef700
#
# JRE version:  (8.0_202-b39) (build )
# Java VM: OpenJDK 64-Bit Server VM (25.202-b39 mixed mode linux-amd64 compressed oops)
# Failed to write core dump. Core dumps have been disabled. To enable core dumping, try "ulimit -c unlimited" before starting Java again
#

---------------  T H R E A D  ---------------

Current thread (0x00007fd50c00b000):  JavaThread "Unknown thread" [_thread_in_vm, id=30778, stack(0x00007fd511bf0000,0x00007fd511cf0000)]

Stack: [0x00007fd511bf0000,0x00007fd511cf0000],  sp=0x00007fd511cee3e0,  free space=1016k
Native frames: (J=compiled Java code, j=interpreted, Vv=VM code, C=native code)
V  [libjvm.so+0xa4458e]  VMError::report_and_die()+0x14e
V  [libjvm.so+0x4dfff9]  report_vm_out_of_memory(char const*, int, unsigned long, VMErrorType, char const*)+0x99
V  [libjvm.so+0x8b4313]  os::Linux::commit_memory_impl(char*, unsigned long, bool)+0x113
V  [libjvm.so+0x8b4539]  os::pd_commit_memory(char*, unsigned long, unsigned long, bool)+0x29
V  [libjvm.so+0x8a95ca]  os::commit_memory(char*, unsigned long, unsigned long, bool)+0x2a
V  [libjvm.so+0x91906b]  PSVirtualSpace::expand_by(unsigned long)+0x6b
V  [libjvm.so+0x909659]  PSOldGen::initialize(ReservedSpace, unsigned long, char const*, int)+0xc9
V  [libjvm.so+0x2d224e]  AdjoiningGenerations::AdjoiningGenerations(ReservedSpace, GenerationSizer*, unsigned long)+0x38e
V  [libjvm.so+0x8d1197]  ParallelScavengeHeap::initialize()+0x1e7
V  [libjvm.so+0xa0efd1]  Universe::initialize_heap()+0x101
V  [libjvm.so+0xa10083]  universe_init()+0x33
V  [libjvm.so+0x60d435]  init_globals()+0x55
V  [libjvm.so+0x9f4aa7]  Threads::create_vm(JavaVMInitArgs*, bool*)+0x207
V  [libjvm.so+0x6723c4]  JNI_CreateJavaVM+0x74
C  [libjli.so+0x75f7]  JavaMain+0x87
C  [libpthread.so.0+0x8164]  start_thread+0xe4


---------------  P R O C E S S  ---------------

Java Threads: ( => current thread )

Other Threads:

=>0x00007fd50c00b000 (exited) JavaThread "Unknown thread" [_thread_in_vm, id=30778, stack(0x00007fd511bf0000,0x00007fd511cf0000)]

VM state:not at safepoint (not fully initialized)

VM Mutex/Monitor currently owned by a thread: None

heap address: 0x00000000a6800000, size: 1432 MB, Compressed Oops mode: Non-zero based:0x00000000a67ff000
Narrow klass base: 0x0000000000000000, Narrow klass shift: 0

GC Heap History (0 events):
No events

Deoptimization events (0 events):
No events

Classes redefined (0 events):
No events

Internal exceptions (0 events):
No events

Events (0 events):
No events


Dynamic libraries:
00400000-00401000 r-xp 00000000 103:03 3674224                           /home/liam/.local/share/JetBrains/Toolbox/apps/IDEA-U/ch-0/191.6183.87/jre64/bin/java
00600000-00601000 rw-p 00000000 103:03 3674224                           /home/liam/.local/share/JetBrains/Toolbox/apps/IDEA-U/ch-0/191.6183.87/jre64/bin/java
01c6f000-01c90000 rw-p 00000000 00:00 0                                  [heap]
aa400000-e2300000 ---p 00000000 00:00 0 
e2300000-e4100000 rw-p 00000000 00:00 0 
e4100000-100000000 ---p 00000000 00:00 0 
7fd4fd000000-7fd4fd270000 rwxp 00000000 00:00 0 
7fd4fd270000-7fd50c000000 ---p 00000000 00:00 0 
7fd50c000000-7fd50c035000 rw-p 00000000 00:00 0 
7fd50c035000-7fd510000000 ---p 00000000 00:00 0 
7fd510c7e000-7fd510efa000 rw-p 00000000 00:00 0 
7fd510efa000-7fd5110d7000 ---p 00000000 00:00 0 
7fd5110d7000-7fd5110e7000 rw-p 00000000 00:00 0 
7fd5110e7000-7fd5111c6000 ---p 00000000 00:00 0 
7fd5111c6000-7fd5111d1000 rw-p 00000000 00:00 0 
7fd5111d1000-7fd511587000 ---p 00000000 00:00 0 
7fd511587000-7fd5115a2000 r-xp 00000000 103:03 3674129                   /home/liam/.local/share/JetBrains/Toolbox/apps/IDEA-U/ch-0/191.6183.87/jre64/lib/amd64/libzip.so
7fd5115a2000-7fd5117a1000 ---p 0001b000 103:03 3674129                   /home/liam/.local/share/JetBrains/Toolbox/apps/IDEA-U/ch-0/191.6183.87/jre64/lib/amd64/libzip.so
7fd5117a1000-7fd5117a2000 rw-p 0001a000 103:03 3674129                   /home/liam/.local/share/JetBrains/Toolbox/apps/IDEA-U/ch-0/191.6183.87/jre64/lib/amd64/libzip.so
7fd5117a2000-7fd5117aa000 rw-s 00000000 103:03 7340178                   /tmp/hsperfdata_liam/30777
7fd5117aa000-7fd5117d4000 r-xp 00000000 103:03 3674099                   /home/liam/.local/share/JetBrains/Toolbox/apps/IDEA-U/ch-0/191.6183.87/jre64/lib/amd64/libjava.so
7fd5117d4000-7fd5119d3000 ---p 0002a000 103:03 3674099                   /home/liam/.local/share/JetBrains/Toolbox/apps/IDEA-U/ch-0/191.6183.87/jre64/lib/amd64/libjava.so
7fd5119d3000-7fd5119d5000 rw-p 00029000 103:03 3674099                   /home/liam/.local/share/JetBrains/Toolbox/apps/IDEA-U/ch-0/191.6183.87/jre64/lib/amd64/libjava.so
7fd5119d5000-7fd5119e4000 r-xp 00000000 103:03 3674128                   /home/liam/.local/share/JetBrains/Toolbox/apps/IDEA-U/ch-0/191.6183.87/jre64/lib/amd64/libverify.so
7fd5119e4000-7fd511be3000 ---p 0000f000 103:03 3674128                   /home/liam/.local/share/JetBrains/Toolbox/apps/IDEA-U/ch-0/191.6183.87/jre64/lib/amd64/libverify.so
7fd511be3000-7fd511be5000 rw-p 0000e000 103:03 3674128                   /home/liam/.local/share/JetBrains/Toolbox/apps/IDEA-U/ch-0/191.6183.87/jre64/lib/amd64/libverify.so
7fd511be5000-7fd511be7000 r--p 00000000 103:03 4854793                   /lib/x86_64-linux-gnu/librt-2.28.so
7fd511be7000-7fd511beb000 r-xp 00002000 103:03 4854793                   /lib/x86_64-linux-gnu/librt-2.28.so
7fd511beb000-7fd511bed000 r--p 00006000 103:03 4854793                   /lib/x86_64-linux-gnu/librt-2.28.so
7fd511bed000-7fd511bee000 r--p 00007000 103:03 4854793                   /lib/x86_64-linux-gnu/librt-2.28.so
7fd511bee000-7fd511bef000 rw-p 00008000 103:03 4854793                   /lib/x86_64-linux-gnu/librt-2.28.so
7fd511bef000-7fd511bf0000 ---p 00000000 00:00 0 
7fd511bf0000-7fd511bf3000 ---p 00000000 00:00 0 
7fd511bf3000-7fd511cf0000 rw-p 00000000 00:00 0 
7fd511cf0000-7fd511cfd000 r--p 00000000 103:03 4854716                   /lib/x86_64-linux-gnu/libm-2.28.so
7fd511cfd000-7fd511da8000 r-xp 0000d000 103:03 4854716                   /lib/x86_64-linux-gnu/libm-2.28.so
7fd511da8000-7fd511e7b000 r--p 000b8000 103:03 4854716                   /lib/x86_64-linux-gnu/libm-2.28.so
7fd511e7b000-7fd511e7c000 r--p 0018a000 103:03 4854716                   /lib/x86_64-linux-gnu/libm-2.28.so
7fd511e7c000-7fd511e7d000 rw-p 0018b000 103:03 4854716                   /lib/x86_64-linux-gnu/libm-2.28.so
7fd511e7d000-7fd512acc000 r-xp 00000000 103:03 3674133                   /home/liam/.local/share/JetBrains/Toolbox/apps/IDEA-U/ch-0/191.6183.87/jre64/lib/amd64/server/libjvm.so
7fd512acc000-7fd512ccc000 ---p 00c4f000 103:03 3674133                   /home/liam/.local/share/JetBrains/Toolbox/apps/IDEA-U/ch-0/191.6183.87/jre64/lib/amd64/server/libjvm.so
7fd512ccc000-7fd512d9c000 rw-p 00c4f000 103:03 3674133                   /home/liam/.local/share/JetBrains/Toolbox/apps/IDEA-U/ch-0/191.6183.87/jre64/lib/amd64/server/libjvm.so
7fd512d9c000-7fd512de0000 rw-p 00000000 00:00 0 
7fd512de0000-7fd512e02000 r--p 00000000 103:03 4854655                   /lib/x86_64-linux-gnu/libc-2.28.so
7fd512e02000-7fd512f73000 r-xp 00022000 103:03 4854655                   /lib/x86_64-linux-gnu/libc-2.28.so
7fd512f73000-7fd512fbf000 r--p 00193000 103:03 4854655                   /lib/x86_64-linux-gnu/libc-2.28.so
7fd512fbf000-7fd512fc0000 ---p 001df000 103:03 4854655                   /lib/x86_64-linux-gnu/libc-2.28.so
7fd512fc0000-7fd512fc4000 r--p 001df000 103:03 4854655                   /lib/x86_64-linux-gnu/libc-2.28.so
7fd512fc4000-7fd512fc6000 rw-p 001e3000 103:03 4854655                   /lib/x86_64-linux-gnu/libc-2.28.so
7fd512fc6000-7fd512fca000 rw-p 00000000 00:00 0 
7fd512fca000-7fd512fcb000 r--p 00000000 103:03 4854676                   /lib/x86_64-linux-gnu/libdl-2.28.so
7fd512fcb000-7fd512fcd000 r-xp 00001000 103:03 4854676                   /lib/x86_64-linux-gnu/libdl-2.28.so
7fd512fcd000-7fd512fce000 r--p 00003000 103:03 4854676                   /lib/x86_64-linux-gnu/libdl-2.28.so
7fd512fce000-7fd512fcf000 r--p 00003000 103:03 4854676                   /lib/x86_64-linux-gnu/libdl-2.28.so
7fd512fcf000-7fd512fd0000 rw-p 00004000 103:03 4854676                   /lib/x86_64-linux-gnu/libdl-2.28.so
7fd512fd0000-7fd512fe5000 r-xp 00000000 103:03 3674080                   /home/liam/.local/share/JetBrains/Toolbox/apps/IDEA-U/ch-0/191.6183.87/jre64/lib/amd64/jli/libjli.so
7fd512fe5000-7fd5131e5000 ---p 00015000 103:03 3674080                   /home/liam/.local/share/JetBrains/Toolbox/apps/IDEA-U/ch-0/191.6183.87/jre64/lib/amd64/jli/libjli.so
7fd5131e5000-7fd5131e6000 rw-p 00015000 103:03 3674080                   /home/liam/.local/share/JetBrains/Toolbox/apps/IDEA-U/ch-0/191.6183.87/jre64/lib/amd64/jli/libjli.so
7fd5131e6000-7fd5131ec000 r--p 00000000 103:03 4854785                   /lib/x86_64-linux-gnu/libpthread-2.28.so
7fd5131ec000-7fd5131fb000 r-xp 00006000 103:03 4854785                   /lib/x86_64-linux-gnu/libpthread-2.28.so
7fd5131fb000-7fd513201000 r--p 00015000 103:03 4854785                   /lib/x86_64-linux-gnu/libpthread-2.28.so
7fd513201000-7fd513202000 r--p 0001a000 103:03 4854785                   /lib/x86_64-linux-gnu/libpthread-2.28.so
7fd513202000-7fd513203000 rw-p 0001b000 103:03 4854785                   /lib/x86_64-linux-gnu/libpthread-2.28.so
7fd513203000-7fd513207000 rw-p 00000000 00:00 0 
7fd51320a000-7fd51320d000 r--p 00000000 103:03 4854743                   /lib/x86_64-linux-gnu/libnss_files-2.28.so
7fd51320d000-7fd513214000 r-xp 00003000 103:03 4854743                   /lib/x86_64-linux-gnu/libnss_files-2.28.so
7fd513214000-7fd513217000 r--p 0000a000 103:03 4854743                   /lib/x86_64-linux-gnu/libnss_files-2.28.so
7fd513217000-7fd513218000 r--p 0000c000 103:03 4854743                   /lib/x86_64-linux-gnu/libnss_files-2.28.so
7fd513218000-7fd513219000 rw-p 0000d000 103:03 4854743                   /lib/x86_64-linux-gnu/libnss_files-2.28.so
7fd513219000-7fd513220000 rw-p 00000000 00:00 0 
7fd513220000-7fd513221000 r--p 00000000 00:00 0 
7fd513221000-7fd513223000 rw-p 00000000 00:00 0 
7fd513223000-7fd513224000 r--p 00000000 103:03 4854629                   /lib/x86_64-linux-gnu/ld-2.28.so
7fd513224000-7fd513244000 r-xp 00001000 103:03 4854629                   /lib/x86_64-linux-gnu/ld-2.28.so
7fd513244000-7fd51324c000 r--p 00021000 103:03 4854629                   /lib/x86_64-linux-gnu/ld-2.28.so
7fd51324c000-7fd51324d000 r--p 00028000 103:03 4854629                   /lib/x86_64-linux-gnu/ld-2.28.so
7fd51324d000-7fd51324e000 rw-p 00029000 103:03 4854629                   /lib/x86_64-linux-gnu/ld-2.28.so
7fd51324e000-7fd51324f000 rw-p 00000000 00:00 0 
7ffccb8ee000-7ffccb90f000 rw-p 00000000 00:00 0                          [stack]
7ffccb980000-7ffccb983000 r--p 00000000 00:00 0                          [vvar]
7ffccb983000-7ffccb985000 r-xp 00000000 00:00 0                          [vdso]
ffffffffff600000-ffffffffff601000 r-xp 00000000 00:00 0                  [vsyscall]

VM Arguments:
java_command: org.jetbrains.git4idea.http.GitAskPassApp Username for 'https://git.nextoo.fr': 
java_class_path (initial): /home/liam/.local/share/JetBrains/Toolbox/apps/IDEA-U/ch-0/191.6183.87/plugins/git4idea/lib/git4idea-rt.jar:/home/liam/.local/share/JetBrains/Toolbox/apps/IDEA-U/ch-0/191.6183.87/lib/xmlrpc-2.0.1.jar:/home/liam/.local/share/JetBrains/Toolbox/apps/IDEA-U/ch-0/191.6183.87/lib/commons-codec-1.10.jar:/home/liam/.local/share/JetBrains/Toolbox/apps/IDEA-U/ch-0/191.6183.87/lib/util.jar
Launcher Type: SUN_STANDARD

Environment Variables:
PATH=/usr/lib/git-core:/usr/local/sbin:/usr/local/bin:/usr/sbin:/usr/bin:/sbin:/bin:/usr/games:/usr/local/games:/snap/bin
USERNAME=liam
SHELL=/bin/bash
DISPLAY=:0

Signal Handlers:
SIGSEGV: [libjvm.so+0xa44f70], sa_mask[0]=11111111011111111101111111111110, sa_flags=SA_RESTART|SA_SIGINFO
SIGBUS: [libjvm.so+0xa44f70], sa_mask[0]=11111111011111111101111111111110, sa_flags=SA_RESTART|SA_SIGINFO
SIGFPE: [libjvm.so+0x8add30], sa_mask[0]=11111111011111111101111111111110, sa_flags=SA_RESTART|SA_SIGINFO
SIGPIPE: [libjvm.so+0x8add30], sa_mask[0]=11111111011111111101111111111110, sa_flags=SA_RESTART|SA_SIGINFO
SIGXFSZ: [libjvm.so+0x8add30], sa_mask[0]=11111111011111111101111111111110, sa_flags=SA_RESTART|SA_SIGINFO
SIGILL: [libjvm.so+0x8add30], sa_mask[0]=11111111011111111101111111111110, sa_flags=SA_RESTART|SA_SIGINFO
SIGUSR1: SIG_DFL, sa_mask[0]=00000000000000000000000000000000, sa_flags=none
SIGUSR2: [libjvm.so+0x8af430], sa_mask[0]=00100000000000000000000000000000, sa_flags=SA_RESTART|SA_SIGINFO
SIGHUP: SIG_DFL, sa_mask[0]=00000000000000000000000000000000, sa_flags=none
SIGINT: SIG_DFL, sa_mask[0]=00000000000000000000000000000000, sa_flags=none
SIGTERM: SIG_DFL, sa_mask[0]=00000000000000000000000000000000, sa_flags=none
SIGQUIT: SIG_DFL, sa_mask[0]=00000000000000000000000000000000, sa_flags=none


---------------  S Y S T E M  ---------------

OS:DISTRIB_ID=Ubuntu
DISTRIB_RELEASE=18.10
DISTRIB_CODENAME=cosmic
DISTRIB_DESCRIPTION="Ubuntu 18.10"

uname:Linux 4.18.0-17-generic #18-Ubuntu SMP Wed Mar 13 14:34:40 UTC 2019 x86_64
libc:glibc 2.28 NPTL 2.28 
rlimit: STACK 8192k, CORE 0k, NPROC 22475, NOFILE 1048576, AS infinity
load average:6.79 4.43 3.68

/proc/meminfo:
MemTotal:        5858484 kB
MemFree:           98432 kB
MemAvailable:      10012 kB
Buffers:            1296 kB
Cached:           685472 kB
SwapCached:            0 kB
Active:          4801828 kB
Inactive:         648588 kB
Active(anon):    4784604 kB
Inactive(anon):   635804 kB
Active(file):      17224 kB
Inactive(file):    12784 kB
Unevictable:          32 kB
Mlocked:              32 kB
SwapTotal:             0 kB
SwapFree:              0 kB
Dirty:                88 kB
Writeback:             0 kB
AnonPages:       4763648 kB
Mapped:           256864 kB
Shmem:            656664 kB
Slab:             165000 kB
SReclaimable:      57260 kB
SUnreclaim:       107740 kB
KernelStack:       17824 kB
PageTables:        45220 kB
NFS_Unstable:          0 kB
Bounce:                0 kB
WritebackTmp:          0 kB
CommitLimit:     2929240 kB
Committed_AS:   11947320 kB
VmallocTotal:   34359738367 kB
VmallocUsed:           0 kB
VmallocChunk:          0 kB
HardwareCorrupted:     0 kB
AnonHugePages:         0 kB
ShmemHugePages:        0 kB
ShmemPmdMapped:        0 kB
CmaTotal:              0 kB
CmaFree:               0 kB
HugePages_Total:       0
HugePages_Free:        0
HugePages_Rsvd:        0
HugePages_Surp:        0
Hugepagesize:       2048 kB
Hugetlb:               0 kB
DirectMap4k:      279156 kB
DirectMap2M:     5765120 kB
DirectMap1G:           0 kB

container (cgroup) information:
container_type: cgroupv1
cpu_cpuset_cpus: 0-3
cpu_memory_nodes: 0
active_processor_count: 4
cpu_quota: -1
cpu_period: 100000
cpu_shares: -1
memory_limit_in_bytes: -1
memory_and_swap_limit_in_bytes: -2
memory_soft_limit_in_bytes: -1
memory_usage_in_bytes: 5448138752
memory_max_usage_in_bytes: 5456134144


CPU:total 4 (initial active 4) (4 cores per cpu, 1 threads per core) family 6 model 158 stepping 9, cmov, cx8, fxsr, mmx, sse, sse2, sse3, ssse3, sse4.1, sse4.2, popcnt, avx, avx2, aes, clmul, erms, 3dnowpref, lzcnt, tsc, tscinvbit, bmi1, bmi2, adx

/proc/cpuinfo:
processor	: 0
vendor_id	: GenuineIntel
cpu family	: 6
model		: 158
model name	: Intel(R) Core(TM) i5-7300HQ CPU @ 2.50GHz
stepping	: 9
microcode	: 0x8e
cpu MHz		: 3119.276
cache size	: 6144 KB
physical id	: 0
siblings	: 4
core id		: 0
cpu cores	: 4
apicid		: 0
initial apicid	: 0
fpu		: yes
fpu_exception	: yes
cpuid level	: 22
wp		: yes
flags		: fpu vme de pse tsc msr pae mce cx8 apic sep mtrr pge mca cmov pat pse36 clflush dts acpi mmx fxsr sse sse2 ss ht tm pbe syscall nx pdpe1gb rdtscp lm constant_tsc art arch_perfmon pebs bts rep_good nopl xtopology nonstop_tsc cpuid aperfmperf tsc_known_freq pni pclmulqdq dtes64 monitor ds_cpl vmx est tm2 ssse3 sdbg fma cx16 xtpr pdcm pcid sse4_1 sse4_2 x2apic movbe popcnt tsc_deadline_timer aes xsave avx f16c rdrand lahf_lm abm 3dnowprefetch cpuid_fault epb invpcid_single pti ssbd ibrs ibpb stibp tpr_shadow vnmi flexpriority ept vpid fsgsbase tsc_adjust bmi1 avx2 smep bmi2 erms invpcid mpx rdseed adx smap clflushopt intel_pt xsaveopt xsavec xgetbv1 xsaves dtherm ida arat pln pts hwp hwp_notify hwp_act_window hwp_epp flush_l1d
bugs		: cpu_meltdown spectre_v1 spectre_v2 spec_store_bypass l1tf
bogomips	: 4992.00
clflush size	: 64
cache_alignment	: 64
address sizes	: 39 bits physical, 48 bits virtual
power management:

processor	: 1
vendor_id	: GenuineIntel
cpu family	: 6
model		: 158
model name	: Intel(R) Core(TM) i5-7300HQ CPU @ 2.50GHz
stepping	: 9
microcode	: 0x8e
cpu MHz		: 3152.874
cache size	: 6144 KB
physical id	: 0
siblings	: 4
core id		: 1
cpu cores	: 4
apicid		: 2
initial apicid	: 2
fpu		: yes
fpu_exception	: yes
cpuid level	: 22
wp		: yes
flags		: fpu vme de pse tsc msr pae mce cx8 apic sep mtrr pge mca cmov pat pse36 clflush dts acpi mmx fxsr sse sse2 ss ht tm pbe syscall nx pdpe1gb rdtscp lm constant_tsc art arch_perfmon pebs bts rep_good nopl xtopology nonstop_tsc cpuid aperfmperf tsc_known_freq pni pclmulqdq dtes64 monitor ds_cpl vmx est tm2 ssse3 sdbg fma cx16 xtpr pdcm pcid sse4_1 sse4_2 x2apic movbe popcnt tsc_deadline_timer aes xsave avx f16c rdrand lahf_lm abm 3dnowprefetch cpuid_fault epb invpcid_single pti ssbd ibrs ibpb stibp tpr_shadow vnmi flexpriority ept vpid fsgsbase tsc_adjust bmi1 avx2 smep bmi2 erms invpcid mpx rdseed adx smap clflushopt intel_pt xsaveopt xsavec xgetbv1 xsaves dtherm ida arat pln pts hwp hwp_notify hwp_act_window hwp_epp flush_l1d
bugs		: cpu_meltdown spectre_v1 spectre_v2 spec_store_bypass l1tf
bogomips	: 4992.00
clflush size	: 64
cache_alignment	: 64
address sizes	: 39 bits physical, 48 bits virtual
power management:

processor	: 2
vendor_id	: GenuineIntel
cpu family	: 6
model		: 158
model name	: Intel(R) Core(TM) i5-7300HQ CPU @ 2.50GHz
stepping	: 9
microcode	: 0x8e
cpu MHz		: 3146.611
cache size	: 6144 KB
physical id	: 0
siblings	: 4
core id		: 2
cpu cores	: 4
apicid		: 4
initial apicid	: 4
fpu		: yes
fpu_exception	: yes
cpuid level	: 22
wp		: yes
flags		: fpu vme de pse tsc msr pae mce cx8 apic sep mtrr pge mca cmov pat pse36 clflush dts acpi mmx fxsr sse sse2 ss ht tm pbe syscall nx pdpe1gb rdtscp lm constant_tsc art arch_perfmon pebs bts rep_good nopl xtopology nonstop_tsc cpuid aperfmperf tsc_known_freq pni pclmulqdq dtes64 monitor ds_cpl vmx est tm2 ssse3 sdbg fma cx16 xtpr pdcm pcid sse4_1 sse4_2 x2apic movbe popcnt tsc_deadline_timer aes xsave avx f16c rdrand lahf_lm abm 3dnowprefetch cpuid_fault epb invpcid_single pti ssbd ibrs ibpb stibp tpr_shadow vnmi flexpriority ept vpid fsgsbase tsc_adjust bmi1 avx2 smep bmi2 erms invpcid mpx rdseed adx smap clflushopt intel_pt xsaveopt xsavec xgetbv1 xsaves dtherm ida arat pln pts hwp hwp_notify hwp_act_window hwp_epp flush_l1d
bugs		: cpu_meltdown spectre_v1 spectre_v2 spec_store_bypass l1tf
bogomips	: 4992.00
clflush size	: 64
cache_alignment	: 64
address sizes	: 39 bits physical, 48 bits virtual
power management:

processor	: 3
vendor_id	: GenuineIntel
cpu family	: 6
model		: 158
model name	: Intel(R) Core(TM) i5-7300HQ CPU @ 2.50GHz
stepping	: 9
microcode	: 0x8e
cpu MHz		: 3311.674
cache size	: 6144 KB
physical id	: 0
siblings	: 4
core id		: 3
cpu cores	: 4
apicid		: 6
initial apicid	: 6
fpu		: yes
fpu_exception	: yes
cpuid level	: 22
wp		: yes
flags		: fpu vme de pse tsc msr pae mce cx8 apic sep mtrr pge mca cmov pat pse36 clflush dts acpi mmx fxsr sse sse2 ss ht tm pbe syscall nx pdpe1gb rdtscp lm constant_tsc art arch_perfmon pebs bts rep_good nopl xtopology nonstop_tsc cpuid aperfmperf tsc_known_freq pni pclmulqdq dtes64 monitor ds_cpl vmx est tm2 ssse3 sdbg fma cx16 xtpr pdcm pcid sse4_1 sse4_2 x2apic movbe popcnt tsc_deadline_timer aes xsave avx f16c rdrand lahf_lm abm 3dnowprefetch cpuid_fault epb invpcid_single pti ssbd ibrs ibpb stibp tpr_shadow vnmi flexpriority ept vpid fsgsbase tsc_adjust bmi1 avx2 smep bmi2 erms invpcid mpx rdseed adx smap clflushopt intel_pt xsaveopt xsavec xgetbv1 xsaves dtherm ida arat pln pts hwp hwp_notify hwp_act_window hwp_epp flush_l1d
bugs		: cpu_meltdown spectre_v1 spectre_v2 spec_store_bypass l1tf
bogomips	: 4992.00
clflush size	: 64
cache_alignment	: 64
address sizes	: 39 bits physical, 48 bits virtual
power management:



Memory: 4k page, physical 5858484k(104216k free), swap 0k(0k free)

vm_info: OpenJDK 64-Bit Server VM (25.202-b39) for linux-amd64 JRE (1.8.0_202-release-1483-b39), built on Mar  7 2019 20:05:01 by "root" with gcc 4.4.7 20120313 (Red Hat 4.4.7-16)

time: Mon Apr  8 10:58:49 2019
timezone: CEST
elapsed time: 0 seconds (0d 0h 0m 0s)

